commit 0476cb18fe7b0d5ca21afc87834e0ed0995cbe23
Author: Javier E. De la Garza S <javier.delagarza@gmail.com>
Date:   Wed Mar 30 14:22:05 2016 -0700

    moved tests.py from carina folder to top-level

commit c9f7c21f357a619b6841a781db9c44f9785d485a
Merge: 6e47c7d 32ef012
Author: Javier Enrique De la Garza Sanchez <javier.delagarza@gmail.com>
Date:   Thu Mar 24 21:58:02 2016 -0500

    Merge branch 'dev'

commit 32ef012e98cdca1b0a41abebbc323bb8ea76198b
Author: Mark Lindberg <marklindberg@wireless-10-147-162-81.public.utexas.edu>
Date:   Thu Mar 24 21:56:27 2016 -0500

    Add log.

commit 6e47c7d0f56bdfaafb84518de6b95e8f271c44cf
Author: Tonya <t.howard@utexas.edu>
Date:   Thu Mar 24 21:54:45 2016 -0500

    Minor typo. Closed #8. Closed #12. Closed #11. Closed #10. Closed #6. Closed #5. Closed #13.

commit c1184de4399d0024b682c1e3a7c73ff10c19f02e
Author: Mark Lindberg <marklindberg@wireless-10-147-162-81.public.utexas.edu>
Date:   Thu Mar 24 21:33:06 2016 -0500

    Stephanie: Add generated pydoc documentation, models.html

commit 6c839d1d9033084656ab57f2b2d81c9a5ad0134b
Merge: 347e2c5 acb99a0
Author: Mark Lindberg <marklindberg@wireless-10-147-162-81.public.utexas.edu>
Date:   Thu Mar 24 21:23:07 2016 -0500

    Merge branch 'dev' of https://github.com/dark-ritual/cs373-idb into dev

commit 347e2c5e26604f98e336928605afe44fd16df6b1
Author: Mark Lindberg <marklindberg@wireless-10-147-162-81.public.utexas.edu>
Date:   Thu Mar 24 21:23:04 2016 -0500

    Add unit tests.

commit acb99a07c4eb020a000537dd8480748da43a2abd
Author: Javier Enrique De la Garza Sanchez <javier.delagarza@gmail.com>
Date:   Thu Mar 24 21:10:25 2016 -0500

    added about page info. Closed #3. Closed #7.

commit 3008671b62371379cbd518a382030c910fad461e
Author: Peter Scamman <pscamman@gmail.com>
Date:   Thu Mar 24 20:37:18 2016 -0500

    Update README.md

commit b9af9d441c7eb099712ea5bc16db5f0af496ce65
Author: Peter Scamman <pscamman@gmail.com>
Date:   Thu Mar 24 20:36:06 2016 -0500

    Update README.md

commit 182904f04cd67e407d038db728d95b333f085cc5
Author: Peter Scamman <pscamman@gmail.com>
Date:   Thu Mar 24 20:35:36 2016 -0500

    Update README.md

commit aa607a5ba52b4eefa14a3260750967a67eaeb887
Author: Tonya <t.howard@utexas.edu>
Date:   Thu Mar 24 20:16:34 2016 -0500

    Modified Tonya's image, fixed typo, added data sources

commit e5b7cc0a46c757b562fbaa393d508b387959f48b
Author: Javier Enrique De la Garza Sanchez <javier.delagarza@gmail.com>
Date:   Thu Mar 24 20:06:39 2016 -0500

    Made home page text white

commit a34e44860b7c333db4d4107225ee9cc92a4edd09
Author: Tonya <t.howard@utexas.edu>
Date:   Thu Mar 24 19:57:02 2016 -0500

    Finished adding links; Members' info still blank

commit ef68f7a23b1c1540094903cccd66401f164eb2da
Author: Tonya <t.howard@utexas.edu>
Date:   Thu Mar 24 19:43:59 2016 -0500

    Moved 'Total # of commits, etc etc' toward top of page

commit a669b41ce341866419a388c88e7dddf6f6d79198
Author: Tonya <t.howard@utexas.edu>
Date:   Thu Mar 24 19:27:32 2016 -0500

    Messing around with design & requirements for page

commit a199336b4c651cf71a0c2ad394acf95bba8572b2
Author: Javier E. De la Garza S <javier.delagarza@gmail.com>
Date:   Thu Mar 24 19:24:31 2016 -0500

    removed a 3

commit 091c841e0667d66e97fa7819f3ba8a04e997a745
Author: Javier Enrique De la Garza Sanchez <javier.delagarza@gmail.com>
Date:   Thu Mar 24 19:19:31 2016 -0500

    added coverage dependencies

commit e17fc1e92b62b3532921fc0c2b057f576b05ea01
Author: Javier Enrique De la Garza Sanchez <javier.delagarza@gmail.com>
Date:   Thu Mar 24 19:15:42 2016 -0500

     more fixes to travis and makefile

commit c39f7cc4fa77f5e46baaad36350e807579a4c53f
Merge: 82fdd54 f1ccd1c
Author: Javier Enrique De la Garza Sanchez <javier.delagarza@gmail.com>
Date:   Thu Mar 24 19:05:36 2016 -0500

    Merge branch 'dev' of github.com:dark-ritual/data-the-gathering into dev

commit 82fdd547d1f6b573ca083dfa231bab3416b9232e
Author: Javier Enrique De la Garza Sanchez <javier.delagarza@gmail.com>
Date:   Thu Mar 24 19:05:15 2016 -0500

    fixed travis and makefile inconsistencies

commit f1ccd1cdf681b3cb1f3c8a89c69b24e3372551a8
Author: Tonya <t.howard@utexas.edu>
Date:   Thu Mar 24 18:55:21 2016 -0500

    Organizing information and rows

commit d79bfe60543843766fab1d556ce3b6d822e2e485
Author: Tonya <t.howard@utexas.edu>
Date:   Thu Mar 24 18:27:05 2016 -0500

    Added clickable links to Artist names and Set names to the outside MtG Wiki

commit 585aaccb3614e6514a875a1388abbc6d833b1faf
Merge: a735121 7ab9f82
Author: Javier Enrique De la Garza Sanchez <javier.delagarza@gmail.com>
Date:   Thu Mar 24 18:17:59 2016 -0500

    Merge branch 'dev' of github.com:dark-ritual/data-the-gathering into dev

commit a7351211eb3b4b43ae598be5822dd6f180d08c7a
Author: Javier Enrique De la Garza Sanchez <javier.delagarza@gmail.com>
Date:   Thu Mar 24 18:17:20 2016 -0500

    Closed #16, Closed #9, Closed #8

commit 7ab9f824e6de430c2b285a4fcd60556fd2210397
Author: Tonya <t.howard@utexas.edu>
Date:   Thu Mar 24 18:13:22 2016 -0500

    Card names now link to an outside MtG Wiki

commit 8aa0e53d5c5f09e67f23b434000420026d96d27f
Merge: d183685 13a6270
Author: Javier Enrique De la Garza Sanchez <javier.delagarza@gmail.com>
Date:   Thu Mar 24 18:00:16 2016 -0500

    automerge

commit d18368549d6e875f8c53e491fcdccd6d97fccb1b
Author: Javier Enrique De la Garza Sanchez <javier.delagarza@gmail.com>
Date:   Thu Mar 24 17:59:20 2016 -0500

    added new Converted Mana Cost column to cards, sets, artists pages

commit 13a6270dc4e7d1e67731c6f739783bc91814fe3e
Merge: 7da5de2 6c0ac74
Author: Tonya <t.howard@utexas.edu>
Date:   Thu Mar 24 17:50:05 2016 -0500

    Merge branch 'dev' of https://github.com/dark-ritual/cs373-idb into dev

commit 7da5de23ce33cebe8ee34ca1dead8d258a4e94c6
Author: Tonya <t.howard@utexas.edu>
Date:   Thu Mar 24 17:49:37 2016 -0500

    Added About page to nav and skeleton design for aformentioned page

commit 6c0ac7402368dd3fa6af8502a19764da4e1f3f09
Author: Javier Enrique De la Garza Sanchez <javier.delagarza@gmail.com>
Date:   Thu Mar 24 17:26:34 2016 -0500

    Updated UML to requirements

commit 1340e992138034fb85845d4bbbb3895d8cd9a4ff
Author: Javier Enrique De la Garza Sanchez <javier.delagarza@gmail.com>
Date:   Thu Mar 24 17:24:34 2016 -0500

    removed filler text in index and added Sample introduction

commit 607a999b39ad1020b6d187ce7bc5583c485faaf3
Author: Mark Lindberg <marklindberg@wireless-10-147-162-81.public.utexas.edu>
Date:   Thu Mar 24 17:11:44 2016 -0500

    Fixed mana symbols and sizes.

commit c872af7d800ae2001538070334f714fb8480c8c4
Author: Javier Enrique De la Garza Sanchez <javier.delagarza@gmail.com>
Date:   Thu Mar 24 16:59:52 2016 -0500

    Reversed and included card, set, and about page changes from shanells commit

commit 181e5a9d3edeeeafbf91cdce27d428948285987d
Author: Javier Enrique De la Garza Sanchez <javier.delagarza@gmail.com>
Date:   Thu Mar 24 16:56:11 2016 -0500

    reverting

commit 14c36b3cfcbf55221453eaa43053464de42f3e64
Author: Javier Enrique De la Garza Sanchez <javier.delagarza@gmail.com>
Date:   Thu Mar 24 16:52:48 2016 -0500

    Revert "Made index load for mobile devices"
    
    This reverts commit af438ffd2e3d6c79a2c70e723f61151a4cb3656c.

commit 9dcfb767fe2f0263ebfbc7dd567c3aa3ef23ae3e
Author: Javier Enrique De la Garza Sanchez <javier.delagarza@gmail.com>
Date:   Thu Mar 24 16:52:14 2016 -0500

    Revert "Added About.html"
    
    This reverts commit 83ddcfe6697abfa97cffe1bd8b39e1cab7481a60.

commit 83ddcfe6697abfa97cffe1bd8b39e1cab7481a60
Author: sls498 <shanell.smith@utexas.edu>
Date:   Thu Mar 24 04:06:42 2016 -0500

    Added About.html

commit af438ffd2e3d6c79a2c70e723f61151a4cb3656c
Author: sls498 <shanell.smith@utexas.edu>
Date:   Thu Mar 24 02:50:50 2016 -0500

    Made index load for mobile devices

commit fa754356605e3a6e450c418a378861612bf55ae0
Author: sls498 <shanell.smith@utexas.edu>
Date:   Thu Mar 24 02:28:17 2016 -0500

    Implemented AngularJs and lots of other stuff. Check the diff

commit d61d58b4d93b5c34745f08c93e9573de7a19e06f
Author: Shanell Smith <shanell.smith@utexas.edu>
Date:   Wed Mar 23 22:06:59 2016 -0500

    Fixed all the errors. Will now deploy.

commit c34aa4a1d768ea593edfb0ebf585cf025bc60b19
Author: Tonya <t.howard@utexas.edu>
Date:   Wed Mar 23 19:31:13 2016 -0500

    Tweaked splash page a bit; still has filler content

commit de9bb334cfe7a3189966d6864c635f738bea81a3
Merge: fd6f3ec 1e3fa90
Author: Javier Enrique De la Garza Sanchez <javier.delagarza@gmail.com>
Date:   Wed Mar 23 15:51:20 2016 -0500

    Merge branch 'dev' of github.com:dark-ritual/data-the-gathering into dev

commit fd6f3ec05d18047e057f969e858742479ba34066
Author: Javier Enrique De la Garza Sanchez <javier.delagarza@gmail.com>
Date:   Wed Mar 23 15:51:13 2016 -0500

    completed makefile, .gitignore, and added placeholder tests

commit 1e3fa90427cd958a63e2deeb30962e1aa347e698
Author: Stephanie Wilbur <stephanie.wilbur@utexas.edu>
Date:   Wed Mar 23 15:40:37 2016 -0500

    Change IDB to IDB1 to match Downing's spec

commit e5f9e4f085e54480361aee9e3534f47a077df6b9
Author: Stephanie Wilbur <stephanie.wilbur@utexas.edu>
Date:   Wed Mar 23 15:37:12 2016 -0500

    Populate .travis.yml, will currently fail, referencing things that aren't in the makefile yet

commit 661b9a72fc94195f50e6f8a48b909a963ce1b301
Merge: 0537e91 cf5d5de
Author: Javier Enrique De la Garza Sanchez <javier.delagarza@gmail.com>
Date:   Wed Mar 23 15:24:51 2016 -0500

    Merge branch 'dev' of github.com:dark-ritual/data-the-gathering into dev

commit 0537e91b9d538f0c4782072fa66b548d9c650cad
Author: Javier Enrique De la Garza Sanchez <javier.delagarza@gmail.com>
Date:   Wed Mar 23 15:24:44 2016 -0500

    updated uml and changed from png to pdf

commit cf5d5de95dc2e0347dfd51862eacae05b9744a7e
Author: Tonya <t.howard@utexas.edu>
Date:   Wed Mar 23 15:21:44 2016 -0500

    Updates look of splash page, added logo, header, and custom css

commit 4376e091e8f7635f04bc7f8afc5f403e2d40d5b0
Author: Javier Enrique De la Garza Sanchez <javier.delagarza@gmail.com>
Date:   Wed Mar 23 15:19:18 2016 -0500

    updated uml and changed from png to pdf

commit 80d2583d0e1c619ebe99dd22cb35eb0b8536d9b4
Author: Javier Enrique De la Garza Sanchez <javier.delagarza@gmail.com>
Date:   Wed Mar 23 15:13:12 2016 -0500

    model.py compiles

commit bdefe769466966fa31e8960fde3fb633e363c23f
Author: Javier Enrique De la Garza Sanchez <javier.delagarza@gmail.com>
Date:   Wed Mar 23 15:01:07 2016 -0500

    reorganized directory to comply with requirements

commit c4dac5a27ac5ebf3fa044319341f1758b220f592
Author: Javier Enrique De la Garza Sanchez <javier.delagarza@gmail.com>
Date:   Wed Mar 23 12:33:42 2016 -0500

    added foreign key imports and created models for Card, Set, Artist, and Edition

commit d0fd3fb3020a947d53004a4ad2a1aac12049a2b5
Author: sls498 <shanell.smith@utexas.edu>
Date:   Tue Mar 22 19:43:36 2016 -0500

    Added page routes to app.py closes #17

commit 3d6e5658f45ce31b7b4a72c5b34fd40326439c4e
Author: sls498 <shanell.smith@utexas.edu>
Date:   Mon Mar 21 22:14:39 2016 -0500

    added helper scripts for running app locally in a python3 virtualenv, also added destroy script for carina cluster.

commit 838f1ceca23cd06c4e4398666f46a4f49aaeed64
Author: Javier Enrique De la Garza Sanchez <javier.delagarza@gmail.com>
Date:   Mon Mar 21 17:54:40 2016 -0500

    added UML diagram. Closed #4

commit e3e32dcc83f07b184aff09bc950e7d804383b587
Author: sls498 <shanell.smith@utexas.edu>
Date:   Sun Mar 20 22:32:47 2016 -0500

    Fixed Navbar highlighting and page body style. This closes #1 and #2. Also right aligned Navbar buttons.

commit 36fe770215418b543bbdd97e9afa68a59f827603
Author: Javier Enrique De la Garza Sanchez <javier.delagarza@gmail.com>
Date:   Sun Mar 20 20:09:10 2016 -0500

    added default navbar to index and fixed bootstrap/js dependencies

commit 0a6a10e113bcce4411e87a3d8654e0e13d71ae09
Author: Javier Enrique De la Garza Sanchez <javier.delagarza@gmail.com>
Date:   Sun Mar 20 20:05:14 2016 -0500

    made logo link to index.html

commit 8960e47c211a851b5c7259bafb65e4b0fb9c5ca3
Author: Javier Enrique De la Garza Sanchez <javier.delagarza@gmail.com>
Date:   Sun Mar 20 20:00:49 2016 -0500

    added sets page

commit 58ced65bf1795a5519122ee6e598b9514191e6aa
Author: Javier Enrique De la Garza Sanchez <javier.delagarza@gmail.com>
Date:   Sun Mar 20 19:54:08 2016 -0500

    reorganized table contents

commit 6858cd22db8d666e701038a06e03d2f20e51b800
Author: Javier Enrique De la Garza Sanchez <javier.delagarza@gmail.com>
Date:   Sun Mar 20 19:50:09 2016 -0500

    added artists page

commit c2ffce2b44350d32b0501fc08e478ad272ab43b8
Author: Javier Enrique De la Garza Sanchez <javier.delagarza@gmail.com>
Date:   Sun Mar 20 19:35:38 2016 -0500

    fixed navbar links, changed order of tabs

commit 6ca67c087e6a90783375784a3c0b0d82f86336af
Author: Javier Enrique De la Garza Sanchez <javier.delagarza@gmail.com>
Date:   Sun Mar 20 19:28:47 2016 -0500

    Added card page

commit 81759107787c0bbe3fdb1b49caf83af45912b99c
Author: sls498 <shanell.smith@utexas.edu>
Date:   Fri Mar 18 23:37:48 2016 -0500

    Initial python web app commit using flask and sqlcomposer and bootstrap/jquery

commit 1e96a988beb92f0066c8f4bb426d4342cb6af3ee
Author: Peter Scamman <pscamman@gmail.com>
Date:   Wed Mar 16 20:47:58 2016 -0500

    Initial commit

commit 5438861057bca7148fda92cef410fa2a130faa1c
Author: dark-ritual <dark.ritual.mtg@gmail.com>
Date:   Wed Mar 16 19:29:23 2016 -0500

    Initial commit
